Arguments: 
  /home/plowzzer/.nvm/versions/node/v12.18.4/bin/node /usr/share/yarn/bin/yarn.js init --y

PATH: 
  /home/plowzzer/.vscode-server/bin/622cb03f7e070a9670c94bae1a45d78d7181fbd4/bin:/home/plowzzer/.zinit/polaris/bin:/home/plowzzer/.nvm/versions/node/v12.18.4/bin:/usr/local/sbin:/usr/local/bin:/usr/sbin:/usr/bin:/sbin:/bin:/usr/games:/usr/local/games:/mnt/c/Windows/system32:/mnt/c/Windows:/mnt/c/Windows/System32/Wbem:/mnt/c/Windows/System32/WindowsPowerShell/v1.0/:/mnt/c/Windows/System32/OpenSSH/:/mnt/c/Program Files/Microsoft VS Code/bin:/mnt/c/Program Files/NVIDIA Corporation/NVIDIA NvDLISR:/mnt/c/Program Files (x86)/NVIDIA Corporation/PhysX/Common:/mnt/c/Users/poloo/AppData/Local/Microsoft/WindowsApps:/mnt/c/ProgramData/poloo/hyper/app-3.0.2/resources/bin:/mnt/c/Users/poloo/AppData/Local/hyper/app-3.0.2/resources/bin:/mnt/c/ProgramData/poloo/GitHubDesktop/bin:/mnt/c/Users/poloo/AppData/Local/GitHubDesktop/bin:/snap/bin

Yarn version: 
  1.22.5

Node version: 
  12.18.4

Platform: 
  linux x64

Trace: 
  Error: canceled
      at Interface.<anonymous> (/usr/share/yarn/lib/cli.js:137009:13)
      at Interface.emit (events.js:315:20)
      at Interface._ttyWrite (readline.js:868:16)
      at ReadStream.onkeypress (readline.js:205:10)
      at ReadStream.emit (events.js:315:20)
      at emitKeys (internal/readline/utils.js:335:14)
      at emitKeys.next (<anonymous>)
      at ReadStream.onData (readline.js:1137:36)
      at ReadStream.emit (events.js:315:20)
      at addChunk (_stream_readable.js:295:12)

npm manifest: 
  No manifest

yarn manifest: 
  No manifest

Lockfile: 
  No lockfile
